<?xml version="1.0" encoding="UTF-8"?>
<!-- Generated by org.testng.reporters.JUnitReportReporter -->
<testsuite hostname="LENOVO" failures="0" tests="1" name="para.Gmail" time="0.005" errors="0" timestamp="2023-12-21T09:42:29 IST" skipped="0">
  <testcase classname="para.Gmail" name="loginGmail" time="0.005"/>
  <system-out/>
</testsuite> <!-- para.Gmail -->
