<?xml version="1.0" encoding="UTF-8"?>
<!-- Generated by org.testng.reporters.JUnitReportReporter -->
<testsuite hostname="LENOVO" failures="0" tests="3" name="testNGLearning.DP_Exp" time="0.007" errors="0" timestamp="2023-12-21T09:55:19 IST" skipped="0">
  <testcase classname="testNGLearning.DP_Exp" name="dispData" time="0.004"/>
  <system-out>
    <![CDATA[Test is Passed..dispData]]>
  </system-out>
  <testcase classname="testNGLearning.DP_Exp" name="dispData" time="0.002"/>
  <system-out>
    <![CDATA[Test is Passed..dispData]]>
  </system-out>
  <testcase classname="testNGLearning.DP_Exp" name="dispData" time="0.001"/>
  <system-out>
    <![CDATA[Test is Passed..dispData]]>
  </system-out>
</testsuite> <!-- testNGLearning.DP_Exp -->
