<?xml version="1.0" encoding="UTF-8"?>
<!-- Generated by org.testng.reporters.JUnitReportReporter -->
<testsuite hostname="LENOVO" failures="0" tests="1" name="testNGLearning.ReadFrmWebTbl" time="20.361" errors="0" timestamp="2023-12-21T09:55:19 IST" skipped="0">
  <testcase classname="testNGLearning.ReadFrmWebTbl" name="readFrmWebTable" time="20.361"/>
  <system-out>
    <![CDATA[Test is Passed..readFrmWebTable]]>
  </system-out>
</testsuite> <!-- testNGLearning.ReadFrmWebTbl -->
