<?xml version="1.0" encoding="UTF-8"?>
<!-- Generated by org.testng.reporters.JUnitReportReporter -->
<testsuite hostname="LENOVO" failures="0" tests="1" name="testNGLearning.ThruTextFile" time="0.014" errors="0" timestamp="2023-12-21T09:55:19 IST" skipped="0">
  <testcase classname="testNGLearning.ThruTextFile" name="readFrmTxtFile" time="0.014"/>
  <system-out>
    <![CDATA[Test is Passed..readFrmTxtFile]]>
  </system-out>
</testsuite> <!-- testNGLearning.ThruTextFile -->
