<?xml version="1.0" encoding="UTF-8"?>
<!-- Generated by org.testng.reporters.JUnitReportReporter -->
<testsuite hostname="LENOVO" failures="0" tests="4" name="testNGLearning.ThruExcel" time="0.005" errors="0" timestamp="2023-12-21T09:55:19 IST" skipped="0">
  <testcase classname="testNGLearning.ThruExcel" name="loginYahoo" time="0.001"/>
  <system-out>
    <![CDATA[Test is Passed..loginYahoo]]>
  </system-out>
  <testcase classname="testNGLearning.ThruExcel" name="loginYahoo" time="0.001"/>
  <system-out>
    <![CDATA[Test is Passed..loginYahoo]]>
  </system-out>
  <testcase classname="testNGLearning.ThruExcel" name="loginYahoo" time="0.002"/>
  <system-out>
    <![CDATA[Test is Passed..loginYahoo]]>
  </system-out>
  <testcase classname="testNGLearning.ThruExcel" name="loginYahoo" time="0.001"/>
  <system-out>
    <![CDATA[Test is Passed..loginYahoo]]>
  </system-out>
</testsuite> <!-- testNGLearning.ThruExcel -->
